{"C:\\Users\\aadow\\OneDrive\\Desktop\\code\\code\\Redux\\Code_with_Mosh\\Source Code\\redux-starter\\src\\math.js": {"path":"C:\\Users\\aadow\\OneDrive\\Desktop\\code\\code\\Redux\\Code_with_Mosh\\Source Code\\redux-starter\\src\\math.js","statementMap":{"0":{"start":{"line":1,"column":22},"end":{"line":1,"column":48}},"1":{"start":{"line":1,"column":32},"end":{"line":1,"column":48}}},"fnMap":{"0":{"name":"(anonymous_0)","decl":{"start":{"line":1,"column":22},"end":{"line":1,"column":23}},"loc":{"start":{"line":1,"column":32},"end":{"line":1,"column":48}},"line":1}},"branchMap":{},"s":{"0":1,"1":2},"f":{"0":2},"b":{},"_coverageSchema":"1a1c01bbd47fc00a2c39e90264f33305004495a9","hash":"85c514c724e0b21f49bf94032a2f752b4bb9ed95"}
,"C:\\Users\\aadow\\OneDrive\\Desktop\\code\\code\\Redux\\Code_with_Mosh\\Source Code\\redux-starter\\src\\store\\api.js": {"path":"C:\\Users\\aadow\\OneDrive\\Desktop\\code\\code\\Redux\\Code_with_Mosh\\Source Code\\redux-starter\\src\\store\\api.js","statementMap":{"0":{"start":{"line":3,"column":28},"end":{"line":3,"column":57}},"1":{"start":{"line":4,"column":30},"end":{"line":4,"column":61}},"2":{"start":{"line":5,"column":29},"end":{"line":5,"column":59}}},"fnMap":{},"branchMap":{},"s":{"0":1,"1":1,"2":1},"f":{},"b":{},"_coverageSchema":"1a1c01bbd47fc00a2c39e90264f33305004495a9","hash":"e6b24a73030a236314c5452751d8fa47bff7f623"}
,"C:\\Users\\aadow\\OneDrive\\Desktop\\code\\code\\Redux\\Code_with_Mosh\\Source Code\\redux-starter\\src\\store\\bugs.js": {"path":"C:\\Users\\aadow\\OneDrive\\Desktop\\code\\code\\Redux\\Code_with_Mosh\\Source Code\\redux-starter\\src\\store\\bugs.js","statementMap":{"0":{"start":{"line":6,"column":14},"end":{"line":37,"column":2}},"1":{"start":{"line":15,"column":6},"end":{"line":15,"column":26}},"2":{"start":{"line":18,"column":6},"end":{"line":18,"column":32}},"3":{"start":{"line":19,"column":6},"end":{"line":19,"column":27}},"4":{"start":{"line":20,"column":6},"end":{"line":20,"column":34}},"5":{"start":{"line":23,"column":6},"end":{"line":23,"column":27}},"6":{"start":{"line":26,"column":17},"end":{"line":26,"column":75}},"7":{"start":{"line":26,"column":46},"end":{"line":26,"column":74}},"8":{"start":{"line":27,"column":3},"end":{"line":27,"column":54}},"9":{"start":{"line":30,"column":6},"end":{"line":30,"column":37}},"10":{"start":{"line":33,"column":20},"end":{"line":33,"column":78}},"11":{"start":{"line":33,"column":49},"end":{"line":33,"column":77}},"12":{"start":{"line":34,"column":6},"end":{"line":34,"column":39}},"13":{"start":{"line":39,"column":101},"end":{"line":39,"column":114}},"14":{"start":{"line":43,"column":12},"end":{"line":43,"column":19}},"15":{"start":{"line":44,"column":24},"end":{"line":54,"column":1}},"16":{"start":{"line":44,"column":30},"end":{"line":54,"column":1}},"17":{"start":{"line":45,"column":22},"end":{"line":45,"column":46}},"18":{"start":{"line":46,"column":24},"end":{"line":46,"column":67}},"19":{"start":{"line":47,"column":2},"end":{"line":47,"column":31}},"20":{"start":{"line":47,"column":25},"end":{"line":47,"column":31}},"21":{"start":{"line":48,"column":2},"end":{"line":53,"column":5}},"22":{"start":{"line":56,"column":22},"end":{"line":61,"column":2}},"23":{"start":{"line":56,"column":31},"end":{"line":61,"column":2}},"24":{"start":{"line":63,"column":31},"end":{"line":68,"column":2}},"25":{"start":{"line":63,"column":50},"end":{"line":68,"column":2}},"26":{"start":{"line":70,"column":26},"end":{"line":75,"column":2}},"27":{"start":{"line":70,"column":34},"end":{"line":75,"column":2}},"28":{"start":{"line":87,"column":33},"end":{"line":90,"column":2}},"29":{"start":{"line":88,"column":11},"end":{"line":88,"column":30}},"30":{"start":{"line":89,"column":10},"end":{"line":89,"column":48}},"31":{"start":{"line":89,"column":34},"end":{"line":89,"column":47}},"32":{"start":{"line":92,"column":33},"end":{"line":95,"column":1}},"33":{"start":{"line":92,"column":43},"end":{"line":95,"column":1}},"34":{"start":{"line":93,"column":10},"end":{"line":93,"column":29}},"35":{"start":{"line":94,"column":9},"end":{"line":94,"column":54}},"36":{"start":{"line":94,"column":28},"end":{"line":94,"column":53}}},"fnMap":{"0":{"name":"(anonymous_0)","decl":{"start":{"line":14,"column":19},"end":{"line":14,"column":20}},"loc":{"start":{"line":14,"column":37},"end":{"line":16,"column":5}},"line":14},"1":{"name":"(anonymous_1)","decl":{"start":{"line":17,"column":18},"end":{"line":17,"column":19}},"loc":{"start":{"line":17,"column":36},"end":{"line":21,"column":5}},"line":17},"2":{"name":"(anonymous_2)","decl":{"start":{"line":22,"column":23},"end":{"line":22,"column":24}},"loc":{"start":{"line":22,"column":41},"end":{"line":24,"column":5}},"line":22},"3":{"name":"(anonymous_3)","decl":{"start":{"line":25,"column":21},"end":{"line":25,"column":22}},"loc":{"start":{"line":25,"column":39},"end":{"line":28,"column":3}},"line":25},"4":{"name":"(anonymous_4)","decl":{"start":{"line":26,"column":37},"end":{"line":26,"column":38}},"loc":{"start":{"line":26,"column":46},"end":{"line":26,"column":74}},"line":26},"5":{"name":"(anonymous_5)","decl":{"start":{"line":29,"column":14},"end":{"line":29,"column":15}},"loc":{"start":{"line":29,"column":32},"end":{"line":31,"column":5}},"line":29},"6":{"name":"(anonymous_6)","decl":{"start":{"line":32,"column":17},"end":{"line":32,"column":18}},"loc":{"start":{"line":32,"column":35},"end":{"line":35,"column":5}},"line":32},"7":{"name":"(anonymous_7)","decl":{"start":{"line":33,"column":40},"end":{"line":33,"column":41}},"loc":{"start":{"line":33,"column":49},"end":{"line":33,"column":77}},"line":33},"8":{"name":"(anonymous_8)","decl":{"start":{"line":44,"column":24},"end":{"line":44,"column":25}},"loc":{"start":{"line":44,"column":30},"end":{"line":54,"column":1}},"line":44},"9":{"name":"(anonymous_9)","decl":{"start":{"line":44,"column":30},"end":{"line":44,"column":31}},"loc":{"start":{"line":44,"column":54},"end":{"line":54,"column":1}},"line":44},"10":{"name":"(anonymous_10)","decl":{"start":{"line":56,"column":22},"end":{"line":56,"column":23}},"loc":{"start":{"line":56,"column":31},"end":{"line":61,"column":2}},"line":56},"11":{"name":"(anonymous_11)","decl":{"start":{"line":63,"column":31},"end":{"line":63,"column":32}},"loc":{"start":{"line":63,"column":50},"end":{"line":68,"column":2}},"line":63},"12":{"name":"(anonymous_12)","decl":{"start":{"line":70,"column":26},"end":{"line":70,"column":27}},"loc":{"start":{"line":70,"column":34},"end":{"line":75,"column":2}},"line":70},"13":{"name":"(anonymous_13)","decl":{"start":{"line":88,"column":2},"end":{"line":88,"column":3}},"loc":{"start":{"line":88,"column":11},"end":{"line":88,"column":30}},"line":88},"14":{"name":"(anonymous_14)","decl":{"start":{"line":89,"column":2},"end":{"line":89,"column":3}},"loc":{"start":{"line":89,"column":10},"end":{"line":89,"column":48}},"line":89},"15":{"name":"(anonymous_15)","decl":{"start":{"line":89,"column":27},"end":{"line":89,"column":28}},"loc":{"start":{"line":89,"column":34},"end":{"line":89,"column":47}},"line":89},"16":{"name":"(anonymous_16)","decl":{"start":{"line":92,"column":33},"end":{"line":92,"column":34}},"loc":{"start":{"line":92,"column":43},"end":{"line":95,"column":1}},"line":92},"17":{"name":"(anonymous_17)","decl":{"start":{"line":93,"column":1},"end":{"line":93,"column":2}},"loc":{"start":{"line":93,"column":10},"end":{"line":93,"column":29}},"line":93},"18":{"name":"(anonymous_18)","decl":{"start":{"line":94,"column":1},"end":{"line":94,"column":2}},"loc":{"start":{"line":94,"column":9},"end":{"line":94,"column":54}},"line":94},"19":{"name":"(anonymous_19)","decl":{"start":{"line":94,"column":21},"end":{"line":94,"column":22}},"loc":{"start":{"line":94,"column":28},"end":{"line":94,"column":53}},"line":94}},"branchMap":{"0":{"loc":{"start":{"line":47,"column":2},"end":{"line":47,"column":31}},"type":"if","locations":[{"start":{"line":47,"column":2},"end":{"line":47,"column":31}},{"start":{},"end":{}}],"line":47}},"s":{"0":1,"1":5,"2":4,"3":4,"4":4,"5":1,"6":0,"7":0,"8":0,"9":3,"10":1,"11":1,"12":1,"13":1,"14":1,"15":1,"16":6,"17":6,"18":6,"19":6,"20":1,"21":5,"22":1,"23":4,"24":1,"25":0,"26":1,"27":2,"28":1,"29":1,"30":1,"31":3,"32":1,"33":0,"34":0,"35":0,"36":0},"f":{"0":5,"1":4,"2":1,"3":0,"4":0,"5":3,"6":1,"7":1,"8":6,"9":6,"10":4,"11":0,"12":2,"13":1,"14":1,"15":3,"16":0,"17":0,"18":0,"19":0},"b":{"0":[1,5]},"_coverageSchema":"1a1c01bbd47fc00a2c39e90264f33305004495a9","hash":"f249c9031430cc574cf98600ae21e7f4f72faaa8"}
,"C:\\Users\\aadow\\OneDrive\\Desktop\\code\\code\\Redux\\Code_with_Mosh\\Source Code\\redux-starter\\src\\store\\configureStore.js": {"path":"C:\\Users\\aadow\\OneDrive\\Desktop\\code\\code\\Redux\\Code_with_Mosh\\Source Code\\redux-starter\\src\\store\\configureStore.js","statementMap":{"0":{"start":{"line":8,"column":2},"end":{"line":16,"column":5}}},"fnMap":{"0":{"name":"(anonymous_0)","decl":{"start":{"line":7,"column":15},"end":{"line":7,"column":16}},"loc":{"start":{"line":7,"column":27},"end":{"line":17,"column":1}},"line":7}},"branchMap":{},"s":{"0":10},"f":{"0":10},"b":{},"_coverageSchema":"1a1c01bbd47fc00a2c39e90264f33305004495a9","hash":"8f41f64880fb9d07a1713ff5d32fb1864cf6d1a5"}
,"C:\\Users\\aadow\\OneDrive\\Desktop\\code\\code\\Redux\\Code_with_Mosh\\Source Code\\redux-starter\\src\\store\\entities.js": {"path":"C:\\Users\\aadow\\OneDrive\\Desktop\\code\\code\\Redux\\Code_with_Mosh\\Source Code\\redux-starter\\src\\store\\entities.js","statementMap":{},"fnMap":{},"branchMap":{},"s":{},"f":{},"b":{},"_coverageSchema":"1a1c01bbd47fc00a2c39e90264f33305004495a9","hash":"577012c05fcf5cffb28a904475b6536a2e1267bf"}
,"C:\\Users\\aadow\\OneDrive\\Desktop\\code\\code\\Redux\\Code_with_Mosh\\Source Code\\redux-starter\\src\\store\\projects.js": {"path":"C:\\Users\\aadow\\OneDrive\\Desktop\\code\\code\\Redux\\Code_with_Mosh\\Source Code\\redux-starter\\src\\store\\projects.js","statementMap":{"0":{"start":{"line":3,"column":13},"end":{"line":3,"column":14}},"1":{"start":{"line":5,"column":14},"end":{"line":16,"column":2}},"2":{"start":{"line":10,"column":3},"end":{"line":13,"column":5}},"3":{"start":{"line":18,"column":30},"end":{"line":18,"column":43}}},"fnMap":{"0":{"name":"(anonymous_0)","decl":{"start":{"line":9,"column":16},"end":{"line":9,"column":17}},"loc":{"start":{"line":9,"column":39},"end":{"line":14,"column":3}},"line":9}},"branchMap":{},"s":{"0":1,"1":1,"2":0,"3":1},"f":{"0":0},"b":{},"_coverageSchema":"1a1c01bbd47fc00a2c39e90264f33305004495a9","hash":"49294a5aca510daa298bb3c8643c2015e42f4fd4"}
,"C:\\Users\\aadow\\OneDrive\\Desktop\\code\\code\\Redux\\Code_with_Mosh\\Source Code\\redux-starter\\src\\store\\reducer.js": {"path":"C:\\Users\\aadow\\OneDrive\\Desktop\\code\\code\\Redux\\Code_with_Mosh\\Source Code\\redux-starter\\src\\store\\reducer.js","statementMap":{},"fnMap":{},"branchMap":{},"s":{},"f":{},"b":{},"_coverageSchema":"1a1c01bbd47fc00a2c39e90264f33305004495a9","hash":"d187e570651897aea5f76eeb2f86b0b9ce99d2f9"}
,"C:\\Users\\aadow\\OneDrive\\Desktop\\code\\code\\Redux\\Code_with_Mosh\\Source Code\\redux-starter\\src\\store\\users.js": {"path":"C:\\Users\\aadow\\OneDrive\\Desktop\\code\\code\\Redux\\Code_with_Mosh\\Source Code\\redux-starter\\src\\store\\users.js","statementMap":{"0":{"start":{"line":4,"column":13},"end":{"line":4,"column":14}},"1":{"start":{"line":5,"column":14},"end":{"line":16,"column":2}},"2":{"start":{"line":10,"column":3},"end":{"line":13,"column":5}},"3":{"start":{"line":18,"column":28},"end":{"line":18,"column":41}}},"fnMap":{"0":{"name":"(anonymous_0)","decl":{"start":{"line":9,"column":13},"end":{"line":9,"column":14}},"loc":{"start":{"line":9,"column":32},"end":{"line":14,"column":3}},"line":9}},"branchMap":{},"s":{"0":1,"1":1,"2":0,"3":1},"f":{"0":0},"b":{},"_coverageSchema":"1a1c01bbd47fc00a2c39e90264f33305004495a9","hash":"39e14bcbb5a67796b6d5f9c0a6ee954962b8c68b"}
,"C:\\Users\\aadow\\OneDrive\\Desktop\\code\\code\\Redux\\Code_with_Mosh\\Source Code\\redux-starter\\src\\store\\middleware\\api.js": {"path":"C:\\Users\\aadow\\OneDrive\\Desktop\\code\\code\\Redux\\Code_with_Mosh\\Source Code\\redux-starter\\src\\store\\middleware\\api.js","statementMap":{"0":{"start":{"line":4,"column":12},"end":{"line":30,"column":1}},"1":{"start":{"line":4,"column":23},"end":{"line":30,"column":1}},"2":{"start":{"line":4,"column":33},"end":{"line":30,"column":1}},"3":{"start":{"line":5,"column":2},"end":{"line":5,"column":69}},"4":{"start":{"line":5,"column":49},"end":{"line":5,"column":69}},"5":{"start":{"line":8,"column":23},"end":{"line":8,"column":28}},"6":{"start":{"line":9,"column":61},"end":{"line":9,"column":75}},"7":{"start":{"line":10,"column":2},"end":{"line":10,"column":41}},"8":{"start":{"line":10,"column":14},"end":{"line":10,"column":41}},"9":{"start":{"line":11,"column":2},"end":{"line":11,"column":15}},"10":{"start":{"line":13,"column":2},"end":{"line":29,"column":3}},"11":{"start":{"line":14,"column":21},"end":{"line":19,"column":6}},"12":{"start":{"line":21,"column":4},"end":{"line":21,"column":51}},"13":{"start":{"line":23,"column":4},"end":{"line":23,"column":72}},"14":{"start":{"line":23,"column":18},"end":{"line":23,"column":72}},"15":{"start":{"line":26,"column":4},"end":{"line":26,"column":50}},"16":{"start":{"line":28,"column":4},"end":{"line":28,"column":69}},"17":{"start":{"line":28,"column":17},"end":{"line":28,"column":69}}},"fnMap":{"0":{"name":"(anonymous_0)","decl":{"start":{"line":4,"column":12},"end":{"line":4,"column":13}},"loc":{"start":{"line":4,"column":23},"end":{"line":30,"column":1}},"line":4},"1":{"name":"(anonymous_1)","decl":{"start":{"line":4,"column":23},"end":{"line":4,"column":24}},"loc":{"start":{"line":4,"column":33},"end":{"line":30,"column":1}},"line":4},"2":{"name":"(anonymous_2)","decl":{"start":{"line":4,"column":33},"end":{"line":4,"column":34}},"loc":{"start":{"line":4,"column":51},"end":{"line":30,"column":1}},"line":4}},"branchMap":{"0":{"loc":{"start":{"line":5,"column":2},"end":{"line":5,"column":69}},"type":"if","locations":[{"start":{"line":5,"column":2},"end":{"line":5,"column":69}},{"start":{},"end":{}}],"line":5},"1":{"loc":{"start":{"line":10,"column":2},"end":{"line":10,"column":41}},"type":"if","locations":[{"start":{"line":10,"column":2},"end":{"line":10,"column":41}},{"start":{},"end":{}}],"line":10},"2":{"loc":{"start":{"line":23,"column":4},"end":{"line":23,"column":72}},"type":"if","locations":[{"start":{"line":23,"column":4},"end":{"line":23,"column":72}},{"start":{},"end":{}}],"line":23},"3":{"loc":{"start":{"line":28,"column":4},"end":{"line":28,"column":69}},"type":"if","locations":[{"start":{"line":28,"column":4},"end":{"line":28,"column":69}},{"start":{},"end":{}}],"line":28}},"s":{"0":1,"1":10,"2":10,"3":36,"4":25,"5":11,"6":11,"7":11,"8":5,"9":11,"10":11,"11":11,"12":8,"13":8,"14":8,"15":3,"16":3,"17":1},"f":{"0":10,"1":10,"2":36},"b":{"0":[25,11],"1":[5,6],"2":[8,0],"3":[1,2]},"_coverageSchema":"1a1c01bbd47fc00a2c39e90264f33305004495a9","hash":"1e8c45a1f838a69e8f5b58fee46bc61c803f797c"}
,"C:\\Users\\aadow\\OneDrive\\Desktop\\code\\code\\Redux\\Code_with_Mosh\\Source Code\\redux-starter\\src\\store\\middleware\\logger.js": {"path":"C:\\Users\\aadow\\OneDrive\\Desktop\\code\\code\\Redux\\Code_with_Mosh\\Source Code\\redux-starter\\src\\store\\middleware\\logger.js","statementMap":{"0":{"start":{"line":1,"column":15},"end":{"line":4,"column":1}},"1":{"start":{"line":1,"column":24},"end":{"line":4,"column":1}},"2":{"start":{"line":1,"column":33},"end":{"line":4,"column":1}},"3":{"start":{"line":1,"column":41},"end":{"line":4,"column":1}},"4":{"start":{"line":2,"column":1},"end":{"line":2,"column":31}},"5":{"start":{"line":3,"column":1},"end":{"line":3,"column":20}}},"fnMap":{"0":{"name":"(anonymous_0)","decl":{"start":{"line":1,"column":15},"end":{"line":1,"column":16}},"loc":{"start":{"line":1,"column":24},"end":{"line":4,"column":1}},"line":1},"1":{"name":"(anonymous_1)","decl":{"start":{"line":1,"column":24},"end":{"line":1,"column":25}},"loc":{"start":{"line":1,"column":33},"end":{"line":4,"column":1}},"line":1},"2":{"name":"(anonymous_2)","decl":{"start":{"line":1,"column":33},"end":{"line":1,"column":34}},"loc":{"start":{"line":1,"column":41},"end":{"line":4,"column":1}},"line":1},"3":{"name":"(anonymous_3)","decl":{"start":{"line":1,"column":41},"end":{"line":1,"column":42}},"loc":{"start":{"line":1,"column":51},"end":{"line":4,"column":1}},"line":1}},"branchMap":{},"s":{"0":1,"1":0,"2":0,"3":0,"4":0,"5":0},"f":{"0":0,"1":0,"2":0,"3":0},"b":{},"_coverageSchema":"1a1c01bbd47fc00a2c39e90264f33305004495a9","hash":"489667e683acdd6c3742d8685d1216db1b9e23f8"}
,"C:\\Users\\aadow\\OneDrive\\Desktop\\code\\code\\Redux\\Code_with_Mosh\\Source Code\\redux-starter\\src\\store\\middleware\\toastify.js": {"path":"C:\\Users\\aadow\\OneDrive\\Desktop\\code\\code\\Redux\\Code_with_Mosh\\Source Code\\redux-starter\\src\\store\\middleware\\toastify.js","statementMap":{"0":{"start":{"line":1,"column":17},"end":{"line":4,"column":1}},"1":{"start":{"line":1,"column":28},"end":{"line":4,"column":1}},"2":{"start":{"line":1,"column":38},"end":{"line":4,"column":1}},"3":{"start":{"line":2,"column":2},"end":{"line":3,"column":27}},"4":{"start":{"line":2,"column":31},"end":{"line":2,"column":80}},"5":{"start":{"line":3,"column":7},"end":{"line":3,"column":27}}},"fnMap":{"0":{"name":"(anonymous_0)","decl":{"start":{"line":1,"column":17},"end":{"line":1,"column":18}},"loc":{"start":{"line":1,"column":28},"end":{"line":4,"column":1}},"line":1},"1":{"name":"(anonymous_1)","decl":{"start":{"line":1,"column":28},"end":{"line":1,"column":29}},"loc":{"start":{"line":1,"column":38},"end":{"line":4,"column":1}},"line":1},"2":{"name":"(anonymous_2)","decl":{"start":{"line":1,"column":38},"end":{"line":1,"column":39}},"loc":{"start":{"line":1,"column":50},"end":{"line":4,"column":1}},"line":1}},"branchMap":{"0":{"loc":{"start":{"line":2,"column":2},"end":{"line":3,"column":27}},"type":"if","locations":[{"start":{"line":2,"column":2},"end":{"line":3,"column":27}},{"start":{"line":3,"column":7},"end":{"line":3,"column":27}}],"line":2}},"s":{"0":1,"1":10,"2":10,"3":36,"4":0,"5":36},"f":{"0":10,"1":10,"2":36},"b":{"0":[0,36]},"_coverageSchema":"1a1c01bbd47fc00a2c39e90264f33305004495a9","hash":"3f181e51aa574c836aaf3f213ea39ae047972bb3"}
}
