TN:
SF:src\math.js
FN:1,(anonymous_0)
FNF:1
FNH:1
FNDA:2,(anonymous_0)
DA:1,2
LF:1
LH:1
BRF:0
BRH:0
end_of_record
TN:
SF:src\store\api.js
FNF:0
FNH:0
DA:3,1
DA:4,1
DA:5,1
LF:3
LH:3
BRF:0
BRH:0
end_of_record
TN:
SF:src\store\bugs.js
FN:14,(anonymous_0)
FN:17,(anonymous_1)
FN:22,(anonymous_2)
FN:25,(anonymous_3)
FN:26,(anonymous_4)
FN:29,(anonymous_5)
FN:32,(anonymous_6)
FN:33,(anonymous_7)
FN:44,(anonymous_8)
FN:44,(anonymous_9)
FN:56,(anonymous_10)
FN:63,(anonymous_11)
FN:70,(anonymous_12)
FN:88,(anonymous_13)
FN:89,(anonymous_14)
FN:89,(anonymous_15)
FN:92,(anonymous_16)
FN:93,(anonymous_17)
FN:94,(anonymous_18)
FN:94,(anonymous_19)
FNF:20
FNH:13
FNDA:5,(anonymous_0)
FNDA:4,(anonymous_1)
FNDA:1,(anonymous_2)
FNDA:0,(anonymous_3)
FNDA:0,(anonymous_4)
FNDA:3,(anonymous_5)
FNDA:1,(anonymous_6)
FNDA:1,(anonymous_7)
FNDA:6,(anonymous_8)
FNDA:6,(anonymous_9)
FNDA:4,(anonymous_10)
FNDA:0,(anonymous_11)
FNDA:2,(anonymous_12)
FNDA:1,(anonymous_13)
FNDA:1,(anonymous_14)
FNDA:3,(anonymous_15)
FNDA:0,(anonymous_16)
FNDA:0,(anonymous_17)
FNDA:0,(anonymous_18)
FNDA:0,(anonymous_19)
DA:6,1
DA:15,5
DA:18,4
DA:19,4
DA:20,4
DA:23,1
DA:26,0
DA:27,0
DA:30,3
DA:33,1
DA:34,1
DA:39,1
DA:43,1
DA:44,6
DA:45,6
DA:46,6
DA:47,6
DA:48,5
DA:56,4
DA:63,1
DA:70,2
DA:87,1
DA:88,1
DA:89,3
DA:92,1
DA:93,0
DA:94,0
LF:27
LH:23
BRDA:47,0,0,1
BRDA:47,0,1,5
BRF:2
BRH:2
end_of_record
TN:
SF:src\store\configureStore.js
FN:7,(anonymous_0)
FNF:1
FNH:1
FNDA:10,(anonymous_0)
DA:8,10
LF:1
LH:1
BRF:0
BRH:0
end_of_record
TN:
SF:src\store\entities.js
FNF:0
FNH:0
LF:0
LH:0
BRF:0
BRH:0
end_of_record
TN:
SF:src\store\projects.js
FN:9,(anonymous_0)
FNF:1
FNH:0
FNDA:0,(anonymous_0)
DA:3,1
DA:5,1
DA:10,0
DA:18,1
LF:4
LH:3
BRF:0
BRH:0
end_of_record
TN:
SF:src\store\reducer.js
FNF:0
FNH:0
LF:0
LH:0
BRF:0
BRH:0
end_of_record
TN:
SF:src\store\users.js
FN:9,(anonymous_0)
FNF:1
FNH:0
FNDA:0,(anonymous_0)
DA:4,1
DA:5,1
DA:10,0
DA:18,1
LF:4
LH:3
BRF:0
BRH:0
end_of_record
TN:
SF:src\store\middleware\api.js
FN:4,(anonymous_0)
FN:4,(anonymous_1)
FN:4,(anonymous_2)
FNF:3
FNH:3
FNDA:10,(anonymous_0)
FNDA:10,(anonymous_1)
FNDA:36,(anonymous_2)
DA:4,10
DA:5,36
DA:8,11
DA:9,11
DA:10,11
DA:11,11
DA:13,11
DA:14,11
DA:21,8
DA:23,8
DA:26,3
DA:28,3
LF:12
LH:12
BRDA:5,0,0,25
BRDA:5,0,1,11
BRDA:10,1,0,5
BRDA:10,1,1,6
BRDA:23,2,0,8
BRDA:23,2,1,0
BRDA:28,3,0,1
BRDA:28,3,1,2
BRF:8
BRH:7
end_of_record
TN:
SF:src\store\middleware\logger.js
FN:1,(anonymous_0)
FN:1,(anonymous_1)
FN:1,(anonymous_2)
FN:1,(anonymous_3)
FNF:4
FNH:0
FNDA:0,(anonymous_0)
FNDA:0,(anonymous_1)
FNDA:0,(anonymous_2)
FNDA:0,(anonymous_3)
DA:1,1
DA:2,0
DA:3,0
LF:3
LH:1
BRF:0
BRH:0
end_of_record
TN:
SF:src\store\middleware\toastify.js
FN:1,(anonymous_0)
FN:1,(anonymous_1)
FN:1,(anonymous_2)
FNF:3
FNH:3
FNDA:10,(anonymous_0)
FNDA:10,(anonymous_1)
FNDA:36,(anonymous_2)
DA:1,10
DA:2,36
DA:3,36
LF:3
LH:3
BRDA:2,0,0,0
BRDA:2,0,1,36
BRF:2
BRH:1
end_of_record
